c:\users\progre\documents\github\apn\apn\bin\intermediates\win32\debug\vc142.pdb
c:\users\progre\documents\github\apn\apn\bin\intermediates\win32\debug\vc142.idb
c:\users\progre\documents\github\apn\apn\bin\intermediates\win32\debug\vector2d.obj
c:\users\progre\documents\github\apn\apn\bin\intermediates\win32\debug\timecomponent.obj
c:\users\progre\documents\github\apn\apn\bin\intermediates\win32\debug\texturemanager.obj
c:\users\progre\documents\github\apn\apn\bin\intermediates\win32\debug\menu.obj
c:\users\progre\documents\github\apn\apn\bin\intermediates\win32\debug\map.obj
c:\users\progre\documents\github\apn\apn\bin\intermediates\win32\debug\main.obj
c:\users\progre\documents\github\apn\apn\bin\intermediates\win32\debug\game.obj
c:\users\progre\documents\github\apn\apn\bin\intermediates\win32\debug\enemiesmanager.obj
c:\users\progre\documents\github\apn\apn\bin\intermediates\win32\debug\ecs.obj
c:\users\progre\documents\github\apn\apn\bin\intermediates\win32\debug\collision.obj
c:\users\progre\documents\github\apn\apn\bin\intermediates\win32\debug\assetmanager.obj
c:\users\progre\documents\github\apn\apn\bin\win32\debug\a programmer's nightmare!.pdb
c:\users\progre\documents\github\apn\apn\bin\intermediates\win32\debug\a progra.ce353f93.tlog\cl.command.1.tlog
c:\users\progre\documents\github\apn\apn\bin\intermediates\win32\debug\a progra.ce353f93.tlog\cl.read.1.tlog
c:\users\progre\documents\github\apn\apn\bin\intermediates\win32\debug\a progra.ce353f93.tlog\cl.write.1.tlog
c:\users\progre\documents\github\apn\apn\bin\intermediates\win32\debug\a progra.ce353f93.tlog\link.16740-cvtres.read.1.tlog
c:\users\progre\documents\github\apn\apn\bin\intermediates\win32\debug\a progra.ce353f93.tlog\link.16740-cvtres.write.1.tlog
c:\users\progre\documents\github\apn\apn\bin\intermediates\win32\debug\a progra.ce353f93.tlog\link.16740-rc.read.1.tlog
c:\users\progre\documents\github\apn\apn\bin\intermediates\win32\debug\a progra.ce353f93.tlog\link.16740-rc.write.1.tlog
c:\users\progre\documents\github\apn\apn\bin\intermediates\win32\debug\a progra.ce353f93.tlog\link.16740.read.1.tlog
c:\users\progre\documents\github\apn\apn\bin\intermediates\win32\debug\a progra.ce353f93.tlog\link.16740.write.1.tlog
c:\users\progre\documents\github\apn\apn\bin\intermediates\win32\debug\a progra.ce353f93.tlog\link.command.1.tlog
c:\users\progre\documents\github\apn\apn\bin\intermediates\win32\debug\a progra.ce353f93.tlog\link.read.1.tlog
c:\users\progre\documents\github\apn\apn\bin\intermediates\win32\debug\a progra.ce353f93.tlog\link.write.1.tlog
