  AssetManager.cpp
  Collision.cpp
C:\Users\Progre\Documents\GitHub\APN\APN\Src\Game.h(3,10): error C1083:  Cannot open include file: 'SDL_mixer.h': No such file or directory
  ECS.cpp
  EnemiesManager.cpp
C:\Users\Progre\Documents\GitHub\APN\APN\Src\Collision.h(2,10): error C1083:  Cannot open include file: 'SDL.h': No such file or directory
  Game.cpp
C:\Users\Progre\Documents\GitHub\APN\APN\Src\ECS\SpriteComponent.h(4,10): error C1083:  Cannot open include file: 'SDL.h': No such file or directory
  main.cpp
C:\Users\Progre\Documents\GitHub\APN\APN\Src\Game.h(3,10): error C1083:  Cannot open include file: 'SDL_mixer.h': No such file or directory
  Map.cpp
C:\Users\Progre\Documents\GitHub\APN\APN\Src\Game.h(3,10): error C1083:  Cannot open include file: 'SDL_mixer.h': No such file or directory
  Menu.cpp
C:\Users\Progre\Documents\GitHub\APN\APN\Src\Game.h(3,10): error C1083:  Cannot open include file: 'SDL_mixer.h': No such file or directory
  TextureManager.cpp
C:\Users\Progre\Documents\GitHub\APN\APN\Src\Game.h(3,10): error C1083:  Cannot open include file: 'SDL_mixer.h': No such file or directory
  TimeComponent.cpp
C:\Users\Progre\Documents\GitHub\APN\APN\Src\Game.h(3,10): error C1083:  Cannot open include file: 'SDL_mixer.h': No such file or directory
  Vector2D.cpp
  Generating Code...
C:\Users\Progre\Documents\GitHub\APN\APN\Src\ECS\SpriteComponent.h(4,10): error C1083:  Cannot open include file: 'SDL.h': No such file or directory
