  Menu.cpp
C:\Users\Progre\Documents\GitHub\APN\APN\Src\ECS\KeyboardController.h(101,1): warning C4305: '=': truncation from 'double' to 'float'
C:\Users\Progre\Documents\GitHub\APN\APN\Src\ECS\KeyboardController.h(102,1): warning C4305: '=': truncation from 'double' to 'float'
C:\Users\Progre\Documents\GitHub\APN\APN\Src\ECS\KeyboardController.h(107,1): warning C4305: '=': truncation from 'double' to 'float'
C:\Users\Progre\Documents\GitHub\APN\APN\Src\ECS\KeyboardController.h(108,1): warning C4305: '=': truncation from 'double' to 'float'
C:\Users\Progre\Documents\GitHub\APN\APN\Src\ECS\KeyboardController.h(113,1): warning C4305: '=': truncation from 'double' to 'float'
C:\Users\Progre\Documents\GitHub\APN\APN\Src\ECS\KeyboardController.h(114,1): warning C4305: '=': truncation from 'double' to 'float'
C:\Users\Progre\Documents\GitHub\APN\APN\Src\ECS\KeyboardController.h(119,1): warning C4305: '=': truncation from 'double' to 'float'
C:\Users\Progre\Documents\GitHub\APN\APN\Src\ECS\KeyboardController.h(120,1): warning C4305: '=': truncation from 'double' to 'float'
C:\Users\Progre\Documents\GitHub\APN\APN\Src\ECS\JoystickController.h(73,1): warning C4305: '=': truncation from 'double' to 'float'
C:\Users\Progre\Documents\GitHub\APN\APN\Src\ECS\JoystickController.h(74,1): warning C4305: '=': truncation from 'double' to 'float'
C:\Users\Progre\Documents\GitHub\APN\APN\Src\ECS\JoystickController.h(78,1): warning C4305: '=': truncation from 'double' to 'float'
C:\Users\Progre\Documents\GitHub\APN\APN\Src\ECS\JoystickController.h(79,1): warning C4305: '=': truncation from 'double' to 'float'
C:\Users\Progre\Documents\GitHub\APN\APN\Src\ECS\JoystickController.h(83,1): warning C4305: '=': truncation from 'double' to 'float'
C:\Users\Progre\Documents\GitHub\APN\APN\Src\ECS\JoystickController.h(84,1): warning C4305: '=': truncation from 'double' to 'float'
C:\Users\Progre\Documents\GitHub\APN\APN\Src\ECS\JoystickController.h(88,1): warning C4305: '=': truncation from 'double' to 'float'
C:\Users\Progre\Documents\GitHub\APN\APN\Src\ECS\JoystickController.h(89,1): warning C4305: '=': truncation from 'double' to 'float'
C:\Users\Progre\Documents\GitHub\APN\APN\Src\Menu.cpp(511,39): warning C4996: 'strcpy': This function or variable may be unsafe. Consider using strcpy_s instead. To disable deprecation, use _CRT_SECURE_NO_WARNINGS. See online help for details.
C:\Program Files (x86)\Windows Kits\10\Include\10.0.18362.0\ucrt\string.h(133): message : see declaration of 'strcpy'
C:\Users\Progre\Documents\GitHub\APN\APN\Src\Menu.cpp(512,39): warning C4996: 'strcpy': This function or variable may be unsafe. Consider using strcpy_s instead. To disable deprecation, use _CRT_SECURE_NO_WARNINGS. See online help for details.
C:\Program Files (x86)\Windows Kits\10\Include\10.0.18362.0\ucrt\string.h(133): message : see declaration of 'strcpy'
C:\Users\Progre\Documents\GitHub\APN\APN\Src\ECS\ECS.h(93,33): warning C4244: 'argument': conversion from '_Ty' to 'float', possible loss of data
C:\Users\Progre\Documents\GitHub\APN\APN\Src\ECS\ECS.h(93,33): warning C4244:         with
C:\Users\Progre\Documents\GitHub\APN\APN\Src\ECS\ECS.h(93,33): warning C4244:         [
C:\Users\Progre\Documents\GitHub\APN\APN\Src\ECS\ECS.h(93,33): warning C4244:             _Ty=int
C:\Users\Progre\Documents\GitHub\APN\APN\Src\ECS\ECS.h(93,33): warning C4244:         ]
C:\Users\Progre\Documents\GitHub\APN\APN\Src\Menu.cpp(90): message : see reference to function template instantiation 'T &Entity::addComponent<TransformComponent,int,int,int,int,int>(int &&,int &&,int &&,int &&,int &&)' being compiled
C:\Users\Progre\Documents\GitHub\APN\APN\Src\Menu.cpp(90): message :         with
C:\Users\Progre\Documents\GitHub\APN\APN\Src\Menu.cpp(90): message :         [
C:\Users\Progre\Documents\GitHub\APN\APN\Src\Menu.cpp(90): message :             T=TransformComponent
C:\Users\Progre\Documents\GitHub\APN\APN\Src\Menu.cpp(90): message :         ]
  Generating code
  4 of 1189 functions ( 0.3%) were compiled, the rest were copied from previous compilation.
    0 functions were new in current compilation
    0 functions had inline decision re-evaluated but remain unchanged
  Finished generating code
  A programmer's Nightmare!.vcxproj -> C:\Users\Progre\Documents\GitHub\APN\APN\bin\Win32\Release\A programmer's Nightmare!.exe
